Arguments: 
  D:\前端\node.js\node.exe C:\Users\迷途\AppData\Roaming\npm\node_modules\yarn\bin\yarn.js add babel-core babel-preset-env babel--plugin-transform-react-jsx

PATH: 
  C:\Program Files\Git\mingw64\bin;C:\Program Files\Git\usr\bin;C:\Users\迷途\bin;C:\ProgramData\Oracle\Java\javapath;D:\jdk\bin;C:\WINDOWS\system32;C:\WINDOWS;C:\WINDOWS\System32\Wbem;C:\WINDOWS\System32\WindowsPowerShell\v1.0;C:\Program Files (x86)\Windows Kits\8.1\Windows Performance Toolkit;C:\Program Files (x86)\NVIDIA Corporation\PhysX\Common;C:\WINDOWS\system32;C:\WINDOWS;C:\WINDOWS\System32\Wbem;C:\WINDOWS\System32\WindowsPowerShell\v1.0;D:\前端\node.js;D:\前端\Git\Git\cmd;C:\Program Files\Git\cmd\git.exe;C:\Program Files\MongoDB\Server\4.0\bin;C:\Users\迷途\AppData\Roaming\npm;D:\前端\node.js;C:\Program Files\MySQL\MySQL Server 8.0\bin;D:\前端\node.js;C:\Users\迷途\AppData\Roaming\npm

Yarn version: 
  1.6.0

Node version: 
  9.11.1

Platform: 
  win32 x64

Trace: 
  Error: https://registry.yarnpkg.com/babel--plugin-transform-react-jsx: Not found
      at Request.params.callback [as _callback] (C:\Users\迷途\AppData\Roaming\npm\node_modules\yarn\lib\cli.js:65327:18)
      at Request.self.callback (C:\Users\迷途\AppData\Roaming\npm\node_modules\yarn\lib\cli.js:133155:22)
      at Request.emit (events.js:180:13)
      at Request.<anonymous> (C:\Users\迷途\AppData\Roaming\npm\node_modules\yarn\lib\cli.js:134138:10)
      at Request.emit (events.js:180:13)
      at IncomingMessage.<anonymous> (C:\Users\迷途\AppData\Roaming\npm\node_modules\yarn\lib\cli.js:134058:12)
      at Object.onceWrapper (events.js:272:13)
      at IncomingMessage.emit (events.js:185:15)
      at endReadableNT (_stream_readable.js:1106:12)
      at process._tickCallback (internal/process/next_tick.js:178:19)

npm manifest: 
  {
    "name": "diff",
    "version": "1.0.0",
    "description": "",
    "main": "index.js",
    "scripts": {
      "test": "echo \"Error: no test specified\" && exit 1"
    },
    "keywords": [],
    "author": "",
    "license": "ISC"
  }

yarn manifest: 
  No manifest

Lockfile: 
  No lockfile
